0:100  0:100  MemLog inited, TSC freq: 1512247710
0:100  0:000  CPU was calibrated with RTC
0:100  0:000  
0:100  0:000  Now is 3.12.2019,  12:49:23 (GMT)
0:100  0:000  Starting Clover revision: 5098 (master, commit 58649391) on American Megatrends EFI
0:100  0:000  Build with: [Args: -D NO_GRUB_DRIVERS_EMBEDDED -t GCC53 | -D NO_GRUB_DRIVERS_EMBEDDED --conf=/Users/sergey/src/Clover/Conf -D USE_LOW_EBDA -a X64 -b RELEASE -t GCC53 -n 5 | OS: 10.14.6]
0:100  0:000  SelfDevicePath=PciRoot(0x0)\Pci(0x17,0x0)\Sata(0x1,0xFFFF,0x0)\HD(1,GPT,4130F0A3-E2F0-43CA-A4B0-CF55FE8C07E0,0x28,0x64000) @890B3F98
0:100  0:000  SelfDirPath = \EFI\BOOT
0:103  0:002  SimpleTextEx Status=Success
0:103  0:000  === [ Get Smbios ] ========================================
0:111  0:008  Type 16 Index = 0
0:111  0:000  Total Memory Slots Count = 2
0:111  0:000  Type 17 Index = 0
0:111  0:000  SmbiosTable.Type17->Speed = 1600MHz
0:111  0:000  SmbiosTable.Type17->Size = 8192MB
0:111  0:000  SmbiosTable.Type17->Bank/Device = BANK 0 ChannelA-DIMM0
0:111  0:000  SmbiosTable.Type17->Vendor = Micron
0:111  0:000  SmbiosTable.Type17->SerialNumber = 00000000
0:111  0:000  SmbiosTable.Type17->PartNumber =                   
0:111  0:000  Type 17 Index = 1
0:111  0:000  Ignoring insane frequency value 0MHz
0:111  0:000  SmbiosTable.Type17->Speed = 0MHz
0:111  0:000  SmbiosTable.Type17->Size = 0MB
0:111  0:000  SmbiosTable.Type17->Bank/Device = BANK 2 ChannelB-DIMM0
0:111  0:000  SmbiosTable.Type17->Vendor = <null string>
0:111  0:000  SmbiosTable.Type17->SerialNumber = <null string>
0:111  0:000  SmbiosTable.Type17->PartNumber = <null string>
0:111  0:000  Boot status=0
0:111  0:000  Running on: 'AeroBook' with board 'AeroBook'
0:111  0:000  === [ GetCPUProperties ] ==================================
0:111  0:000  CPU Vendor = 756E6547 Model=406E3
0:111  0:000   The CPU supported SSE4.1
0:111  0:000  BrandString = Intel(R) Core(TM) m3-6Y30 CPU @ 0.90GHz
0:111  0:000   The CPU supported turbo
0:111  0:000  MSR 0x35               20004
0:111  0:000   TSC/CCC Information Leaf:
0:111  0:000    numerator     : 126
0:111  0:000    denominator   : 2
0:111  0:000   Calibrated ARTFrequency: 24003931
0:111  0:000   Rounded ARTFrequency: 24000000
0:111  0:000  MSR 0xE2 before patch 7E008008
0:111  0:000  MSR 0xE2 is locked, PM patches will be turned on
0:111  0:000  MSR 0xCE              0004043D_F1010F00
0:111  0:000  corrected FLEX_RATIO = 0
0:111  0:000  MSR 0x1B0             00000000
0:111  0:000  FSBFrequency = 67 MHz, DMI FSBFrequency = 100 MHz, Corrected FSBFrequency = 100 MHz
0:111  0:000  MaxDiv/MinDiv: 15.0/4
0:111  0:000  Turbo: 20/20/20/22
0:111  0:000  Features: 0xBFEBFBFF
0:111  0:000  Threads: 4
0:111  0:000  Cores: 2
0:111  0:000  FSB: 100 MHz
0:111  0:000  CPU: 1000 MHz
0:111  0:000  TSC: 1000 MHz
0:111  0:000  PIS: 100 MHz
0:111  0:000  ExternalClock: 25 MHz
0:111  0:000  === [ GetDevices ] ========================================
0:111  0:000  GOP found at: PciRoot(0x0)/Pci(0x2,0x0)/AcpiAdr(0x80011400)
0:111  0:000  PCI (00|00:00.00) : 8086 190C class=060000
0:111  0:000  PCI (00|00:02.00) : 8086 191E class=030000
0:111  0:000   - GOP: Provided by device
0:111  0:000   - GFX: Model=Intel HD Graphics 515 (Intel)
0:111  0:000  PCI (00|00:04.00) : 8086 1903 class=118000
0:111  0:000  PCI (00|00:08.00) : 8086 1911 class=088000
0:111  0:000  PCI (00|00:14.00) : 8086 9D2F class=0C0330
0:111  0:000  PCI (00|00:14.02) : 8086 9D31 class=118000
0:111  0:000  PCI (00|00:15.00) : 8086 9D60 class=118000
0:111  0:000  PCI (00|00:15.01) : 8086 9D61 class=118000
0:111  0:000  PCI (00|00:15.02) : 8086 9D62 class=118000
0:111  0:000  PCI (00|00:16.00) : 8086 9D3A class=078000
0:112  0:000  PCI (00|00:17.00) : 8086 9D03 class=010601
0:112  0:000  PCI (00|00:1D.00) : 8086 9D18 class=060400
0:112  0:000  PCI (00|01:00.00) : 8086 3165 class=028000
0:112  0:000   - WIFI: Vendor=Intel
0:112  0:000  PCI (00|00:1E.00) : 8086 9D27 class=118000
0:112  0:000  PCI (00|00:1E.03) : 8086 9D2A class=118000
0:112  0:000  PCI (00|00:1E.04) : 8086 9D2B class=080501
0:112  0:000  PCI (00|00:1E.06) : 8086 9D2D class=080501
0:112  0:000  PCI (00|00:1F.00) : 8086 9D46 class=060100
0:112  0:000  PCI (00|00:1F.02) : 8086 9D21 class=058000
0:112  0:000  PCI (00|00:1F.03) : 8086 9D70 class=040380
0:112  0:000  PCI (00|00:1F.04) : 8086 9D23 class=0C0500
0:112  0:000  === [ GetDefaultSettings ] ================================
0:112  0:000  Clover load options size = 0 bytes
0:126  0:013  EFI\CLOVER\config.plist loaded: Success
0:135  0:009  === [ GetListOfThemes ] ===================================
0:136  0:001  - [00]: random
0:141  0:004  - [00]: embedded
0:145  0:003  === [ Found config plists ] ===============================
0:146  0:001  - config.plist
0:148  0:001  - configWorking.plist
0:148  0:000  === [ GetEarlyUserSettings ] ==============================
0:148  0:000  timeout set to 5
0:148  0:000  Custom boot CUSTOM_BOOT_DISABLED (0x0)
0:148  0:000  ForceKextsToLoad: 1 requested
0:148  0:000   - [0]: System\Library\Extensions\IONetworkingFamily.kext
0:148  0:000  KextsToPatch: 2 requested
0:148  0:000   - [00]: com.apple.driver.usb.AppleUSBXHCI (port limit patch) :: MatchOS: 10.14.x :: BinPatch :: data len: 8
0:149  0:000   - [01]: AppleAHCIPort (External icons patch) :: BinPatch :: data len: 8
0:149  0:000  KernelToPatch: 3 requested
0:149  0:000   - [00]: MSR 0xE2 _xcpm_idle instant reboot(c) Pike R. Alpha :: data len: 8
0:149  0:000   - [01]: Disable panic kext logging on 10.13 release kernel (credit vit9696) :: MatchOS: 10.13.x :: data len: 6
0:149  0:000   - [02]: Disable panic kext logging on 10.14 release kernel (credit vit9696) :: MatchOS: 10.14.x :: data len: 6
0:149  0:000  Default theme: random
0:149  0:000  Hiding entries with string VM
0:149  0:000  Hiding entries with string Preboot
0:149  0:000  Hiding entries with string Recovery
0:149  0:000  === [ LoadDrivers ] =======================================
0:152  0:003  Loading FSInject.efi  status=Success
0:160  0:007  Loading SMCHelper.efi  status=Success
0:165  0:005  Loading DataHubDxe.efi  status=Success
0:172  0:006  Loading ApfsDriverLoader.efi  status=Success
0:177  0:005   - driver needs connecting
0:177  0:000  Loading AudioDxe.efi  status=Success
0:184  0:006   - driver needs connecting
0:184  0:000  Loading OsxAptioFix3Drv.efi  status=Success
0:190  0:005  Loading VBoxHfs.efi  status=Success
0:195  0:005   - driver needs connecting
0:196  0:000  3 drivers needs connecting ...
0:196  0:000  PlatformDriverOverrideProtocol not found. Installing ... Success
0:196  0:000  APFS driver loaded
0:196  0:000  Searching for invalid DiskIo BY_DRIVER connects: not found, all ok
4:490  4:294  === [ InitScreen ] ========================================
4:491  0:000  Console modes reported: 4, available modes:
4:491  0:000   - [01]: 80x25 (current mode)
4:491  0:000   - [02]: 80x50
4:491  0:000   - [03]: 100x31
4:491  0:000   - [04]: 240x56
4:491  0:000  SetMaxResolution: found best mode 0: 1920x1080
4:491  0:000   - already set
4:491  0:000  reinit: self device path=PciRoot(0x0)\Pci(0x17,0x0)\Sata(0x1,0xFFFF,0x0)\HD(1,GPT,4130F0A3-E2F0-43CA-A4B0-CF55FE8C07E0,0x28,0x64000)
4:494  0:003  Using embedded font: Success
4:497  0:002  === [ GetMacAddress ] =====================================
4:497  0:000   get legacy LAN MAC, 0 card found
4:497  0:000  === [ ScanSPD ] ===========================================
4:497  0:000  Scanning SMBus [8086:9D23], mmio: 0xDF132004, ioport: 0xF040, hostc: 0x11
4:498  0:001  === [ GetAcpiTablesList ] =================================
4:515  0:016  Get Acpi Tables List from RSDT:
4:515  0:000   - [00]: FACP  A M I  len=132
4:515  0:000   - [01]: APIC  A M I  len=132
4:515  0:000   - [02]: FPDT  A M I  len=68
4:515  0:000   - [03]: FIDT  A M I len=156
4:515  0:000   - [04]: MCFG  A M I  len=60
4:515  0:000   - [05]: SSDT  SataTabl len=857
4:515  0:000   - [06]: MSDM  A M I  len=85
4:515  0:000   - [07]: SSDT  SaSsdt  len=12645
4:515  0:000   - [08]: HPET  SKL-ULT len=56
4:515  0:000   - [09]: SSDT  Ther_Rvp len=2306
4:515  0:000   - [10]: SSDT  xh_rvp03 len=2988
4:515  0:000   - [11]: UEFI  A M I  len=72
4:515  0:000   - [12]: SSDT  CpuSsdt len=6062
4:515  0:000   - [13]: LPIT  SKL-ULT len=148
4:515  0:000   - [14]: SSDT  HdaDsp len=321
4:515  0:000   - [15]: SSDT  sensrhub len=671
4:515  0:000   - [16]: SSDT  PtidDevc len=12290
4:515  0:000   - [17]: SSDT  TbtTypeC len=1303
4:515  0:000   - [18]: SSDT  Wwan len=745
4:515  0:000   - [19]: DBGP   len=52
4:515  0:000   - [20]: DBG2   len=84
4:515  0:000   - [21]: SSDT  UsbCTabl len=3973
4:515  0:000   - [22]: DMAR  EDK2     len=348
4:515  0:000   - [23]: NHLT  EDK2     len=45
4:515  0:000   - [24]: BGRT  A M I  len=56
4:515  0:000   - [25]: TPM2  A M I  len=52
4:515  0:000   - [26]: SSDT  DptfTabl len=44064
4:515  0:000   - [27]: SSDT  GddvDumm len=2458
4:515  0:000   - [28]: ASF!   HCG len=160
4:515  0:000   - [29]: WSMT  A M I  len=40
4:515  0:000  Calibrated TSC Frequency = 1512247710 = 1512MHz
4:516  0:000  === [ GetUserSettings ] ===================================
4:516  0:000  Add 2 devices:
4:516  0:000  Add 1 devices:
4:516  0:000   - [00]: wrong PciAddr string: PciRoot(0x0)/Pci(0x2,0x0)
4:516  0:000  Add 8 properties:
4:516  0:000   - [00]: NVidia Key: name, len: 9
4:516  0:000   - [01]: NVidia Key: IOName, len: 9
4:516  0:000   - [02]: NVidia Key: class-code, len: 4
4:516  0:000   - [03]: ATI Key: name, len: 9
4:516  0:000   - [04]: ATI Key: IOName, len: 9
4:516  0:000   - [05]: ATI Key: class-code, len: 4
4:516  0:000   - [06]: ATI Key: vendor-id, len: 4
4:516  0:000   - [07]: ATI Key: device-id, len: 4
4:516  0:000  USB FixOwnership: yes
4:516  0:000  Dropping 4 tables:
4:516  0:000   - [00]: Drop table  signature="#MCF" (46434D23)
4:516  0:000           - set table: 46434D23,                0 to drop: no
4:516  0:000   - [01]: Drop table  signature="DMAR" (52414D44)
4:516  0:000           - set table: 52414D44,                0 to drop: yes
4:516  0:000   - [02]: Drop table  signature="SSDT" (54445353) table-id="xh_rvp10" (30317076725F6878)
4:516  0:000           - set table: 54445353, 30317076725F6878 to drop: no
4:516  0:000   - [03]: Drop table  signature="MATS" (5354414D)
4:516  0:000           - set table: 5354414D,                0 to drop: no
4:516  0:000   - final DSDT Fix mask=0006005C
4:517  0:000  PatchesDSDT: 15 requested
4:517  0:000   - [00]: (change OSID to XSID (to avoid match against _OSI XOSI patch)) lenToFind: 4, lenToReplace: 4, Target Bridge: <null string>
4:517  0:000    patch disabled at config
4:517  0:000   - [01]: (change _OSI to XOSI) lenToFind: 4, lenToReplace: 4, Target Bridge: <null string>
4:517  0:000    patch disabled at config
4:517  0:000   - [02]: (change _DSM to XDSM) lenToFind: 4, lenToReplace: 4, Target Bridge: <null string>
4:517  0:000    patch disabled at config
4:517  0:000   - [03]: (change EC0 to EC) lenToFind: 4, lenToReplace: 4, Target Bridge: <null string>
4:517  0:000    patch disabled at config
4:517  0:000   - [04]: (change H_EC to EC) lenToFind: 4, lenToReplace: 4, Target Bridge: <null string>
4:517  0:000    patch disabled at config
4:517  0:000   - [05]: (change ECDV to EC) lenToFind: 4, lenToReplace: 4, Target Bridge: <null string>
4:517  0:000    patch disabled at config
4:517  0:000   - [06]: (change HDAS to HDEF) lenToFind: 4, lenToReplace: 4, Target Bridge: <null string>
4:517  0:000    patch disabled at config
4:517  0:000   - [07]: (change HECI to IMEI) lenToFind: 4, lenToReplace: 4, Target Bridge: <null string>
4:517  0:000   - [08]: (change MEI to IMEI) lenToFind: 4, lenToReplace: 4, Target Bridge: <null string>
4:517  0:000   - [09]: (change GFX0 to IGPU) lenToFind: 4, lenToReplace: 4, Target Bridge: <null string>
4:517  0:000   - [10]: (change PCI0.VID to IGPU #1 (Thinkpad)) lenToFind: 8, lenToReplace: 8, Target Bridge: <null string>
4:517  0:000   - [11]: (change PCI0.VID to IGPU #2 (Thinkpad)) lenToFind: 14, lenToReplace: 14, Target Bridge: <null string>
4:517  0:000   - [12]: (change XHCI to XHC) lenToFind: 4, lenToReplace: 4, Target Bridge: <null string>
4:517  0:000   - [13]: (change XHC1 to XHC) lenToFind: 4, lenToReplace: 4, Target Bridge: <null string>
4:517  0:000   - [14]: (change SAT0 to SATA) lenToFind: 4, lenToReplace: 4, Target Bridge: <null string>
4:517  0:000  Using ProductName from config: MacBook9,1
4:517  0:000  Using latest BiosVersion from config
4:517  0:000  BiosVersion: MB91.88Z.F000.B00.1910301919
4:517  0:000  BiosReleaseDate: 10/30/2019
4:517  0:000  Using latest EfiVersion from config: 188.0.0.0.0
4:517  0:000  Using FirmwareFeatures from config: 0xFC0FE17E
4:517  0:000  Using FirmwareFeaturesMask from config: 0xFF1FFF7F
4:517  0:000  Board-ID set from config as Mac-9AE82516C7C6B903
4:517  0:000  BoardType: 0xA
4:517  0:000  ChassisType: 0x9
4:520  0:003  === [ Found DSDT tables ] =================================
4:521  0:001  - DSDT_unmodified.aml
4:522  0:001  - DSDT_new.aml
6:293  1:771  === [ ScanVolumes ] =======================================
6:293  0:000  Found 7 volumes with blockIO
6:293  0:000  - [00]: Volume: PciRoot(0x0)\Pci(0x17,0x0)\Sata(0x1,0xFFFF,0x0)
6:294  0:000  - [01]: Volume: PciRoot(0x0)\Pci(0x17,0x0)\Sata(0x1,0xFFFF,0x0)\HD(1,GPT,4130F0A3-E2F0-43CA-A4B0-CF55FE8C07E0,0x28,0x64000)
6:295  0:000          Result of bootcode detection: bootable unknown (legacy)
6:297  0:002          This is SelfVolume !!
6:297  0:000  - [02]: Volume: PciRoot(0x0)\Pci(0x17,0x0)\Sata(0x1,0xFFFF,0x0)\HD(2,GPT,A195D9B7-9758-4767-BA37-BB0BFE8C24F4,0x64028,0x1DC8F260)
6:298  0:000          Result of bootcode detection: bootable unknown (legacy)
6:298  0:000  - [03]: Volume: PciRoot(0x0)\Pci(0x17,0x0)\Sata(0x1,0xFFFF,0x0)\HD(2,GPT,A195D9B7-9758-4767-BA37-BB0BFE8C24F4,0x64028,0x1DC8F260)\VenMedia(BE74FCF7-0B7C-49F3-9147-01F4042E6842,9D8700621B400A43996CAB6EFCA0E610)
6:298  0:000          hiding this volume
6:298  0:000  - [04]: Volume: PciRoot(0x0)\Pci(0x17,0x0)\Sata(0x1,0xFFFF,0x0)\HD(2,GPT,A195D9B7-9758-4767-BA37-BB0BFE8C24F4,0x64028,0x1DC8F260)\VenMedia(BE74FCF7-0B7C-49F3-9147-01F4042E6842,600B6A6534CB02459E1FA71612D1FA78)
6:298  0:000  - [05]: Volume: PciRoot(0x0)\Pci(0x17,0x0)\Sata(0x1,0xFFFF,0x0)\HD(2,GPT,A195D9B7-9758-4767-BA37-BB0BFE8C24F4,0x64028,0x1DC8F260)\VenMedia(BE74FCF7-0B7C-49F3-9147-01F4042E6842,F4CE0E2CD985C44D905A3037CA537EC0)
6:298  0:000          hiding this volume
6:298  0:000  - [06]: Volume: PciRoot(0x0)\Pci(0x17,0x0)\Sata(0x1,0xFFFF,0x0)\HD(2,GPT,A195D9B7-9758-4767-BA37-BB0BFE8C24F4,0x64028,0x1DC8F260)\VenMedia(BE74FCF7-0B7C-49F3-9147-01F4042E6842,BFA3E7300FA05C4BBF3D346C954E1356)
6:298  0:000          hiding this volume
6:298  0:000  found 2 handles with audio
6:298  0:000  No AudioIoDevice stored
6:298  0:000  no stored audio parameters
6:298  0:000  === [ InitTheme ] =========================================
6:298  0:000  use daylight theme
6:298  0:000   using embedded theme
6:298  0:000  got embedded sound
6:298  0:000    Channels: 2  Sample rate: 8000 Hz  Bits: 16
6:298  0:000  output to channel 0 with volume 70, len=25600
6:298  0:000   sound channels=2 bits=16 freq=8000
6:300  0:001  sound converted to 48kHz
6:300  0:000  not found AudioIo to play
6:300  0:000  sound play end with status=Not Found
6:302  0:001  Using embedded font: Success
6:303  0:000  theme inited
6:303  0:000  Chosen embedded theme
6:303  0:000  after NVRAM boot-args=nv_disable=1 dart=0 keepsyms=1 -cdfon -igfxnohdmi alcid=18
6:303  0:000  === [ Dump SMC keys from NVRAM ] ==========================
6:303  0:000  found AppleSMC protocol
6:323  0:020  Registered 17 SMC keys
6:326  0:002  === [ ScanLoader ] ========================================
6:326  0:000  - [01]: 'EFI'
6:356  0:030          AddLoaderEntry for Volume Name=EFI
6:356  0:000          skipped because entry is hidden
6:356  0:000  - [03]: 'Preboot', hidden
6:356  0:000  - [04]: 'Hackintosh'
6:380  0:023          AddLoaderEntry for Volume Name=Hackintosh
6:391  0:011      hibernated: set as never
6:397  0:005  - [05]: 'Recovery', hidden
6:397  0:000  - [06]: 'VM', hidden
6:397  0:000  Scanning legacy ...
6:397  0:000  === [ AddCustomTool ] =====================================
6:398  0:001  found tool \EFI\CLOVER\tools\Shell64U.efi
6:398  0:000  Checking EFI partition Volume 1 for Clover
6:402  0:003   Found Clover
6:404  0:002  === [ GetEfiBootDeviceFromNvram ] =========================
6:405  0:000   - efi-boot-device-data: PciRoot(0x0)\Pci(0x17,0x0)\Sata(0x1,0xFFFF,0x0)\HD(2,GPT,A195D9B7-9758-4767-BA37-BB0BFE8C24F4,0x64028,0x1DC8F260)\VenMedia(BE74FCF7-0B7C-49F3-9147-01F4042E6842,600B6A6534CB02459E1FA71612D1FA78)
6:405  0:000    - Volume: 'PciRoot(0x0)\Pci(0x17,0x0)\Sata(0x1,0xFFFF,0x0)\HD(2,GPT,A195D9B7-9758-4767-BA37-BB0BFE8C24F4,0x64028,0x1DC8F260)\VenMedia(BE74FCF7-0B7C-49F3-9147-01F4042E6842,600B6A6534CB02459E1FA71612D1FA78)'
6:405  0:000    - LoaderPath: '<null string>'
6:405  0:000    - Guid = A195D9B7-9758-4767-BA37-BB0BFE8C24F4
6:405  0:000  === [ FindStartupDiskVolume ] =============================
6:405  0:000    - Volume: partition = PciRoot(0x0)\Pci(0x17,0x0)\Sata(0x1,0xFFFF,0x0)\HD(2,GPT,A195D9B7-9758-4767-BA37-BB0BFE8C24F4,0x64028,0x1DC8F260)\VenMedia(BE74FCF7-0B7C-49F3-9147-01F4042E6842,600B6A6534CB02459E1FA71612D1FA78)
6:405  0:000     - searching for that partition
6:405  0:000      - found entry 0. 'Boot macOS from Hackintosh', Volume 'Hackintosh'
6:405  0:000  Boot redirected to Entry 0. 'Boot macOS from Hackintosh'
6:405  0:000  DefaultIndex=0 and MainMenu.EntryCount=7
6:557  0:151  GUI ready
7:503  0:946  Found UEFI Acpi 2.0 RSDP at 8CA17000
7:503  0:000  Saving ACPI tables from RSDP 8CA17000 to EFI\CLOVER\ACPI\origin ...
7:503  0:000   8CA17000: 'RSD PTR ', Rev: 2 (Acpi 2.0 or newer), Len: 36 -> RSDP.aml
7:529  0:025    (Xsdt: 8CA170C8, Rsdt: 8CA17028)
7:529  0:000    8CA170C8: 'XSDT', 'A M I', Rev: 1, Len: 276 -> XSDT.aml
7:547  0:018    8CA17028: 'RSDT', 'A M I', Rev: 1, Len: 156 -> RSDT.aml
7:565  0:018    Tables in Xsdt: 30
7:565  0:000    0. 8CA417D0: 'FACP', 'A M I', Rev: 6, Len: 276 -> FACP.aml
7:584  0:018        (Dsdt: 8CA17270, Facs: 8CA88F00, XDsdt: 8CA17270, XFacs: 0)
7:584  0:000        8CA17270: 'DSDT', 'A M I', Rev: 2, Len: 173401 -> DSDT.aml
7:618  0:034        8CA88F00: 'FACS', Ver: 2, Len: 64 -> FACS.aml
7:637  0:018    1. 8CA418E8: 'APIC', 'A M I', Rev: 3, Len: 132 -> APIC.aml
7:658  0:020    2. 8CA41970: 'FPDT', 'A M I', Rev: 1, Len: 68 -> FPDT.aml
7:676  0:018    3. 8CA419B8: 'FIDT', 'A M I', Rev: 1, Len: 156 -> FIDT.aml
7:693  0:017    4. 8CA41A58: 'MCFG', 'A M I', Rev: 1, Len: 60 -> MCFG.aml
7:711  0:017    5. 8CA41A98: 'SSDT', 'SataTabl', Rev: 1, Len: 857 -> SSDT-0-SataTabl.aml
7:729  0:017    6. 8CA41DF8: 'MSDM', 'A M I', Rev: 3, Len: 85 -> MSDM.aml
7:746  0:017    7. 8CA41E50: 'SSDT', 'SaSsdt', Rev: 2, Len: 12645 -> SSDT-1-SaSsdt.aml
7:764  0:017    8. 8CA44FB8: 'HPET', 'SKL-ULT', Rev: 1, Len: 56 -> HPET.aml
7:782  0:017    9. 8CA44FF0: 'SSDT', 'Ther_Rvp', Rev: 2, Len: 2306 -> SSDT-2-Ther_Rvp.aml
7:800  0:017    10. 8CA458F8: 'SSDT', 'xh_rvp03', Rev: 2, Len: 2988 -> SSDT-3-xh_rvp03.aml
7:820  0:020    11. 8CA464A8: 'UEFI', 'A M I', Rev: 1, Len: 72 -> UEFI.aml
7:839  0:018    12. 8CA464F0: 'SSDT', 'CpuSsdt', Rev: 2, Len: 6062 -> SSDT-4-CpuSsdt.aml (Found hidden SSDT 7 pcs)
7:856  0:017        * 8C9CA318: 'SSDT', 'Cpu0Ist', Rev: 2, Len: 1221  53 53 44 54 C5 04 00 00 02 16 50 6D 52 65 66 00 Internal length = 1221 -> SSDT-x4_0-Cpu0Ist.aml
7:874  0:017        * 8C382018: 'SSDT', 'ApIst', Rev: 2, Len: 3348  53 53 44 54 14 0D 00 00 02 30 50 6D 52 65 66 00 Internal length = 3348 -> SSDT-x4_1-ApIst.aml
7:891  0:017        * 8C383698: 'SSDT', 'Cpu0Cst', Rev: 2, Len: 1023  53 53 44 54 FF 03 00 00 02 17 50 6D 52 65 66 00 Internal length = 1023 -> SSDT-x4_2-Cpu0Cst.aml
7:909  0:017        * 8C381018: 'SSDT', 'ApCst', Rev: 2, Len: 778  53 53 44 54 0A 03 00 00 02 99 50 6D 52 65 66 00 Internal length = 778 -> SSDT-x4_3-ApCst.aml
7:930  0:020        * 8C9CAD98: 'SSDT', 'Cpu0Hwp', Rev: 2, Len: 186  53 53 44 54 BA 00 00 00 02 83 50 6D 52 65 66 00 Internal length = 186 -> SSDT-x4_4-Cpu0Hwp.aml
7:947  0:017        * 8C381418: 'SSDT', 'ApHwp', Rev: 2, Len: 791  53 53 44 54 17 03 00 00 02 86 50 6D 52 65 66 00 Internal length = 791 -> SSDT-x4_5-ApHwp.aml
7:966  0:018        * 8C383018: 'SSDT', 'HwpLvt', Rev: 2, Len: 1576  53 53 44 54 28 06 00 00 02 8B 50 6D 52 65 66 00 Internal length = 1576 -> SSDT-x4_6-HwpLvt.aml
7:984  0:018  
7:984  0:000    13. 8CA47CA0: 'LPIT', 'SKL-ULT', Rev: 1, Len: 148 -> LPIT.aml
8:015  0:030    14. 8CA47D38: 'SSDT', 'HdaDsp', Rev: 2, Len: 321 -> SSDT-5-HdaDsp.aml
8:033  0:018    15. 8CA47E80: 'SSDT', 'sensrhub', Rev: 2, Len: 671 -> SSDT-6-sensrhub.aml
8:055  0:021    16. 8CA48120: 'SSDT', 'PtidDevc', Rev: 2, Len: 12290 -> SSDT-7-PtidDevc.aml
8:072  0:017    17. 8CA4B128: 'SSDT', 'TbtTypeC', Rev: 2, Len: 1303 -> SSDT-8-TbtTypeC.aml
8:090  0:017    18. 8CA4B640: 'SSDT', 'Wwan', Rev: 2, Len: 745 -> SSDT-9-Wwan.aml
8:108  0:017    19. 8CA4B930: 'DBGP', '', Rev: 1, Len: 52 -> DBGP.aml
8:126  0:017    20. 8CA4B968: 'DBG2', '', Rev: 0, Len: 84 -> DBG2.aml
8:143  0:017    21. 8CA4B9C0: 'SSDT', 'UsbCTabl', Rev: 2, Len: 3973 -> SSDT-10-UsbCTabl.aml
8:161  0:017    22. 8CA4C948: 'DMAR', 'EDK2', Rev: 1, Len: 348 -> DMAR.aml
8:182  0:020    23. 8CA4CAA8: 'NHLT', 'EDK2', Rev: 0, Len: 45 -> NHLT.aml
8:200  0:018    24. 8CA4CAD8: 'BGRT', 'A M I', Rev: 1, Len: 56 -> BGRT.aml
8:217  0:017    25. 8CA4CB10: 'TPM2', 'A M I', Rev: 4, Len: 52 -> TPM2.aml
8:235  0:017    26. 8CA4CB48: 'SSDT', 'DptfTabl', Rev: 2, Len: 44064 -> SSDT-11-DptfTabl.aml
8:254  0:019    27. 8CA57768: 'SSDT', 'GddvDumm', Rev: 2, Len: 2458 -> SSDT-12-GddvDumm.aml
8:273  0:018    28. 8CA58108: 'ASF!', ' HCG', Rev: 32, Len: 160 -> ASF!.aml
8:291  0:018    29. 8CA581A8: 'WSMT', 'A M I', Rev: 1, Len: 40 -> WSMT.aml
8:310  0:018    Tables in Rsdt: 30
8:310  0:000    0. 8CA171E8: 'FACP', 'A M I', Rev: 2, Len: 132 -> RSDT-FACP.aml
8:328  0:018        (Dsdt: 8CA17270, Facs: 8CA88EC0)
8:328  0:000        8CA17270: 'DSDT', 'A M I', Rev: 2, Len: 173401
8:333  0:004        8CA88EC0: 'FACS', Ver: 0, Len: 64 -> RSDT-FACS.aml
8:351  0:018    1. 8CA418E8: 'APIC', 'A M I', Rev: 3, Len: 132
8:351  0:000    2. 8CA41970: 'FPDT', 'A M I', Rev: 1, Len: 68
8:351  0:000    3. 8CA419B8: 'FIDT', 'A M I', Rev: 1, Len: 156
8:351  0:000    4. 8CA41A58: 'MCFG', 'A M I', Rev: 1, Len: 60
8:351  0:000    5. 8CA41A98: 'SSDT', 'SataTabl', Rev: 1, Len: 857
8:351  0:000    6. 8CA41DF8: 'MSDM', 'A M I', Rev: 3, Len: 85
8:351  0:000    7. 8CA41E50: 'SSDT', 'SaSsdt', Rev: 2, Len: 12645
8:351  0:000    8. 8CA44FB8: 'HPET', 'SKL-ULT', Rev: 1, Len: 56
8:351  0:000    9. 8CA44FF0: 'SSDT', 'Ther_Rvp', Rev: 2, Len: 2306
8:351  0:000    10. 8CA458F8: 'SSDT', 'xh_rvp03', Rev: 2, Len: 2988
8:351  0:000    11. 8CA464A8: 'UEFI', 'A M I', Rev: 1, Len: 72
8:351  0:000    12. 8CA464F0: 'SSDT', 'CpuSsdt', Rev: 2, Len: 6062
8:351  0:000    13. 8CA47CA0: 'LPIT', 'SKL-ULT', Rev: 1, Len: 148
8:351  0:000    14. 8CA47D38: 'SSDT', 'HdaDsp', Rev: 2, Len: 321
8:351  0:000    15. 8CA47E80: 'SSDT', 'sensrhub', Rev: 2, Len: 671
8:351  0:000    16. 8CA48120: 'SSDT', 'PtidDevc', Rev: 2, Len: 12290
8:351  0:000    17. 8CA4B128: 'SSDT', 'TbtTypeC', Rev: 2, Len: 1303
8:351  0:000    18. 8CA4B640: 'SSDT', 'Wwan', Rev: 2, Len: 745
8:351  0:000    19. 8CA4B930: 'DBGP', '', Rev: 1, Len: 52
8:351  0:000    20. 8CA4B968: 'DBG2', '', Rev: 0, Len: 84
8:351  0:000    21. 8CA4B9C0: 'SSDT', 'UsbCTabl', Rev: 2, Len: 3973
8:351  0:000    22. 8CA4C948: 'DMAR', 'EDK2', Rev: 1, Len: 348
8:351  0:000    23. 8CA4CAA8: 'NHLT', 'EDK2', Rev: 0, Len: 45
8:351  0:000    24. 8CA4CAD8: 'BGRT', 'A M I', Rev: 1, Len: 56
8:351  0:000    25. 8CA4CB10: 'TPM2', 'A M I', Rev: 4, Len: 52
8:351  0:000    26. 8CA4CB48: 'SSDT', 'DptfTabl', Rev: 2, Len: 44064
8:351  0:000    27. 8CA57768: 'SSDT', 'GddvDumm', Rev: 2, Len: 2458
8:351  0:000    28. 8CA58108: 'ASF!', ' HCG', Rev: 32, Len: 160
8:351  0:000    29. 8CA581A8: 'WSMT', 'A M I', Rev: 1, Len: 40
8:351  0:000  Found UEFI Acpi 1.0 RSDP at 8CA17000
8:351  0:000  Printing ACPI tables from RSDP 8CA17000 ...
8:351  0:000   8CA17000: 'RSD PTR ', Rev: 2 (Acpi 2.0 or newer), Len: 36
8:351  0:000    (Xsdt: 8CA170C8, Rsdt: 8CA17028)
8:351  0:000    8CA170C8: 'XSDT', 'A M I', Rev: 1, Len: 276
8:351  0:000    8CA17028: 'RSDT', 'A M I', Rev: 1, Len: 156
8:351  0:000    Tables in Xsdt: 30
8:351  0:000    0. 8CA417D0: 'FACP', 'A M I', Rev: 6, Len: 276
8:351  0:000        (Dsdt: 8CA17270, Facs: 8CA88F00, XDsdt: 8CA17270, XFacs: 0)
8:351  0:000        8CA17270: 'DSDT', 'A M I', Rev: 2, Len: 173401
8:356  0:004        8CA88F00: 'FACS', Ver: 2, Len: 64
8:356  0:000    1. 8CA418E8: 'APIC', 'A M I', Rev: 3, Len: 132
8:356  0:000    2. 8CA41970: 'FPDT', 'A M I', Rev: 1, Len: 68
8:356  0:000    3. 8CA419B8: 'FIDT', 'A M I', Rev: 1, Len: 156
8:356  0:000    4. 8CA41A58: 'MCFG', 'A M I', Rev: 1, Len: 60
8:356  0:000    5. 8CA41A98: 'SSDT', 'SataTabl', Rev: 1, Len: 857
8:356  0:000    6. 8CA41DF8: 'MSDM', 'A M I', Rev: 3, Len: 85
8:356  0:000    7. 8CA41E50: 'SSDT', 'SaSsdt', Rev: 2, Len: 12645
8:356  0:000    8. 8CA44FB8: 'HPET', 'SKL-ULT', Rev: 1, Len: 56
8:356  0:000    9. 8CA44FF0: 'SSDT', 'Ther_Rvp', Rev: 2, Len: 2306
8:356  0:000    10. 8CA458F8: 'SSDT', 'xh_rvp03', Rev: 2, Len: 2988
8:356  0:000    11. 8CA464A8: 'UEFI', 'A M I', Rev: 1, Len: 72
8:356  0:000    12. 8CA464F0: 'SSDT', 'CpuSsdt', Rev: 2, Len: 6062
8:356  0:000    13. 8CA47CA0: 'LPIT', 'SKL-ULT', Rev: 1, Len: 148
8:356  0:000    14. 8CA47D38: 'SSDT', 'HdaDsp', Rev: 2, Len: 321
8:356  0:000    15. 8CA47E80: 'SSDT', 'sensrhub', Rev: 2, Len: 671
8:356  0:000    16. 8CA48120: 'SSDT', 'PtidDevc', Rev: 2, Len: 12290
8:356  0:000    17. 8CA4B128: 'SSDT', 'TbtTypeC', Rev: 2, Len: 1303
8:356  0:000    18. 8CA4B640: 'SSDT', 'Wwan', Rev: 2, Len: 745
8:356  0:000    19. 8CA4B930: 'DBGP', '', Rev: 1, Len: 52
8:356  0:000    20. 8CA4B968: 'DBG2', '', Rev: 0, Len: 84
8:356  0:000    21. 8CA4B9C0: 'SSDT', 'UsbCTabl', Rev: 2, Len: 3973
8:356  0:000    22. 8CA4C948: 'DMAR', 'EDK2', Rev: 1, Len: 348
8:356  0:000    23. 8CA4CAA8: 'NHLT', 'EDK2', Rev: 0, Len: 45
8:356  0:000    24. 8CA4CAD8: 'BGRT', 'A M I', Rev: 1, Len: 56
8:356  0:000    25. 8CA4CB10: 'TPM2', 'A M I', Rev: 4, Len: 52
8:356  0:000    26. 8CA4CB48: 'SSDT', 'DptfTabl', Rev: 2, Len: 44064
8:356  0:000    27. 8CA57768: 'SSDT', 'GddvDumm', Rev: 2, Len: 2458
8:356  0:000    28. 8CA58108: 'ASF!', ' HCG', Rev: 32, Len: 160
8:356  0:000    29. 8CA581A8: 'WSMT', 'A M I', Rev: 1, Len: 40
8:356  0:000    Tables in Rsdt: 30
8:356  0:000    0. 8CA171E8: 'FACP', 'A M I', Rev: 2, Len: 132
8:356  0:000        (Dsdt: 8CA17270, Facs: 8CA88EC0)
8:356  0:000        8CA17270: 'DSDT', 'A M I', Rev: 2, Len: 173401
8:361  0:004        8CA88EC0: 'FACS', Ver: 0, Len: 64
8:361  0:000    1. 8CA418E8: 'APIC', 'A M I', Rev: 3, Len: 132
8:361  0:000    2. 8CA41970: 'FPDT', 'A M I', Rev: 1, Len: 68
8:361  0:000    3. 8CA419B8: 'FIDT', 'A M I', Rev: 1, Len: 156
8:361  0:000    4. 8CA41A58: 'MCFG', 'A M I', Rev: 1, Len: 60
8:361  0:000    5. 8CA41A98: 'SSDT', 'SataTabl', Rev: 1, Len: 857
8:361  0:000    6. 8CA41DF8: 'MSDM', 'A M I', Rev: 3, Len: 85
8:361  0:000    7. 8CA41E50: 'SSDT', 'SaSsdt', Rev: 2, Len: 12645
8:361  0:000    8. 8CA44FB8: 'HPET', 'SKL-ULT', Rev: 1, Len: 56
8:361  0:000    9. 8CA44FF0: 'SSDT', 'Ther_Rvp', Rev: 2, Len: 2306
8:361  0:000    10. 8CA458F8: 'SSDT', 'xh_rvp03', Rev: 2, Len: 2988
8:361  0:000    11. 8CA464A8: 'UEFI', 'A M I', Rev: 1, Len: 72
8:361  0:000    12. 8CA464F0: 'SSDT', 'CpuSsdt', Rev: 2, Len: 6062
8:361  0:000    13. 8CA47CA0: 'LPIT', 'SKL-ULT', Rev: 1, Len: 148
8:361  0:000    14. 8CA47D38: 'SSDT', 'HdaDsp', Rev: 2, Len: 321
8:361  0:000    15. 8CA47E80: 'SSDT', 'sensrhub', Rev: 2, Len: 671
8:361  0:000    16. 8CA48120: 'SSDT', 'PtidDevc', Rev: 2, Len: 12290
8:361  0:000    17. 8CA4B128: 'SSDT', 'TbtTypeC', Rev: 2, Len: 1303
8:361  0:000    18. 8CA4B640: 'SSDT', 'Wwan', Rev: 2, Len: 745
8:361  0:000    19. 8CA4B930: 'DBGP', '', Rev: 1, Len: 52
8:361  0:000    20. 8CA4B968: 'DBG2', '', Rev: 0, Len: 84
8:361  0:000    21. 8CA4B9C0: 'SSDT', 'UsbCTabl', Rev: 2, Len: 3973
8:361  0:000    22. 8CA4C948: 'DMAR', 'EDK2', Rev: 1, Len: 348
8:361  0:000    23. 8CA4CAA8: 'NHLT', 'EDK2', Rev: 0, Len: 45
8:361  0:000    24. 8CA4CAD8: 'BGRT', 'A M I', Rev: 1, Len: 56
8:361  0:000    25. 8CA4CB10: 'TPM2', 'A M I', Rev: 4, Len: 52
8:361  0:000    26. 8CA4CB48: 'SSDT', 'DptfTabl', Rev: 2, Len: 44064
8:361  0:000    27. 8CA57768: 'SSDT', 'GddvDumm', Rev: 2, Len: 2458
8:361  0:000    28. 8CA58108: 'ASF!', ' HCG', Rev: 32, Len: 160
8:361  0:000    29. 8CA581A8: 'WSMT', 'A M I', Rev: 1, Len: 40
15:202  6:841  exit from MainMenu 1
25:600  10:397   boot with args: nv_disable=1 dart=0 keepsyms=1 -cdfon -igfxnohdmi alcid=18 -v 
25:600  0:000  exit from MainMenu 3
25:600  0:000  Boot option Boot0000 not found
25:600  0:000  === [ StartLoader ] =======================================
25:600  0:000  Finally: ExternalClock=26MHz BusSpeed=100817kHz CPUFreq=1512MHz PIS: hw.busfrequency=104000000Hz
25:601  0:001  Loading boot.efi  status=Success
25:752  0:150  GetOSVersion: 10.14.6 (18G1012)
25:752  0:000  CSR_CFG: CSR_ALLOW_UNTRUSTED_KEXTS | CSR_ALLOW_UNRESTRICTED_FS | CSR_ALLOW_TASK_FOR_PID | CSR_ALLOW_UNRESTRICTED_DTRACE | CSR_ALLOW_UNRESTRICTED_NVRAM | CSR_ALLOW_DEVICE_CONFIGURATION | CSR_ALLOW_ANY_RECOVERY_OS | CSR_ALLOW_UNAPPROVED_KEXTS
25:752  0:000  Filtering KextPatches:
25:752  0:000   - [00]: com.apple.driver.usb.AppleUSBXHCI (port limit patch) :: BinPatch :: [OS: 10.14.6 | MatchOS: 10.14.x | MatchBuild: All] ==> allowed
25:752  0:000   - [01]: AppleAHCIPort (External icons patch) :: BinPatch :: [OS: 10.14.6 | MatchOS: All | MatchBuild: All] ==> allowed
25:752  0:000  Filtering KernelPatches:
25:752  0:000   - [00]: MSR 0xE2 _xcpm_idle instant reboot(c) Pike R. Alpha :: [OS: 10.14.6 | MatchOS: All | MatchBuild: no] ==> allowed by OS
25:752  0:000   - [01]: Disable panic kext logging on 10.13 release kernel (credit vit9696) :: [OS: 10.14.6 | MatchOS: 10.13.x | MatchBuild: no] ==> not allowed by OS
25:752  0:000   - [02]: Disable panic kext logging on 10.14 release kernel (credit vit9696) :: [OS: 10.14.6 | MatchOS: 10.14.x | MatchBuild: no] ==> allowed by OS
25:752  0:000  Will not patch boot.efi
25:752  0:000  === [ PatchSmbios ] =======================================
25:752  0:000  insert table 9 for dev 0:0
25:752  0:000  Table 11 present, but rewritten for us
25:754  0:002  Trusting SMBIOS...
25:754  0:000  Channels: 1
25:754  0:000  Interleave: 0 1 2 3 4 5 6 7 8 9 10 11 12 13 14 15 16 17 18 19 20 21 22 23
25:754  0:000   partNum unknown
25:754  0:000  SMBIOS Type 17 Index = 0 => 0 0:
25:754  0:000  BANK 0 DIMM0 1600MHz 8192MB
25:754  0:000  SMBIOS Type 17 Index = 1 => 1 1:
25:754  0:000  BANK 0 DIMM1 EMPTY
25:754  0:000  mTotalSystemMemory = 8192
25:754  0:000  NumberOfMemoryDevices = 2
25:754  0:000  Type20[0]->End = 0x7FFFFF, Type17[0] = 0x2000
25:754  0:000  Table 131 is present, CPUType=31
25:754  0:000  Change to: C05
25:754  0:000  === [ PatchACPI ] =========================================
25:754  0:000  Xsdt reallocation done
25:754  0:000  old FADT length=114
25:754  0:000   SignatureFixup: 0xA4654E90 -> 0x0
25:756  0:001  DSDT found in Clover volume OEM folder: EFI\CLOVER\ACPI\patched\DSDT_new.aml
25:760  0:004  Apply DsdtFixMask=0x0006005C
25:760  0:000     drop _DSM mask=0x0000
25:760  0:000  === [ FixBiosDsdt ] =======================================
25:761  0:000  Patching DSDT:
25:761  0:000   - [change OSID to XSID (to avoid match against _OSI XOSI patch)]: disabled
25:761  0:000   - [change _OSI to XOSI]: disabled
25:761  0:000   - [change _DSM to XDSM]: disabled
25:761  0:000   - [change EC0 to EC]: disabled
25:761  0:000   - [change H_EC to EC]: disabled
25:761  0:000   - [change ECDV to EC]: disabled
25:761  0:000   - [change HDAS to HDEF]: disabled
25:761  0:000   - [change HECI to IMEI]: pattern 48454349, patched at: [ (117FF) (E918) (1CB9) ]
25:761  0:000   - [change MEI to IMEI]: pattern 4D45495F, bin not found / already patched!
25:762  0:000   - [change GFX0 to IGPU]: pattern 47465830, patched at: [ (1CA) (12) (12) (12) (12) (12) (12) (12) (12) (12) (12) (12) (12) (12) (12) (12) (12) (12) (12) (3F21) (5D61) (83A1) (A6) (160) (1D) (2115) (27) (2B85) (14) (8C54) (179F) (8083) (7F2) (36) (19) (82) (28) ]
25:763  0:000   - [change PCI0.VID to IGPU #1 (Thinkpad)]: pattern 50434930, bin not found / already patched!
25:763  0:000   - [change PCI0.VID to IGPU #2 (Thinkpad)]: pattern 5649445F, bin not found / already patched!
25:764  0:000   - [change XHCI to XHC]: pattern 58484349, patched at: [ (C7FB) ]
25:764  0:000   - [change XHC1 to XHC]: pattern 58484331, bin not found / already patched!
25:765  0:000   - [change SAT0 to SATA]: pattern 53415430, patched at: [ (72E) (5F3) (E) (E) (BE6C) (30) (1336F) (3F) (170C) (4F0) (20) (20) (20) (20) (20) (20) (20) (20) (20) (112) (29) (2E) (2E) (2E) (2E) ]
25:766  0:000    0 replacements
25:769  0:003  found RTC Length not match, Maybe will cause CMOS reset, will patch it.
25:769  0:000  found RTC had IRQNoFlag will move -3 bytes
25:772  0:002  found PIC had IRQNoFlag will move -3 bytes
25:772  0:000  Start HPET Fix
25:779  0:007  PreCleanup XSDT: count=30, length=276
25:779  0:000  PreCleanup XSDT, corrected XSDT: count=30, length=276
25:779  0:000  === [ ACPIDropTables ] ====================================
25:779  0:000  Drop tables from XSDT, SIGN=DMAR TableID=EDK2     Length=348
25:779  0:000   Table[22]: DMAR  EDK2      348 dropped
25:779  0:000  Patching SSDT SataTabl Length=857
25:779  0:000  0. [change OSID to XSID (to avoid match against _OSI XOSI patch)]: disabled
25:780  0:000  1. [change _OSI to XOSI]: disabled
25:780  0:000  2. [change _DSM to XDSM]: disabled
25:780  0:000  3. [change EC0 to EC]: disabled
25:780  0:000  4. [change H_EC to EC]: disabled
25:780  0:000  5. [change ECDV to EC]: disabled
25:780  0:000  6. [change HDAS to HDEF]: disabled
25:780  0:000  7. [change HECI to IMEI]: pattern 48454349, bin not found / already patched!
25:780  0:000  8. [change MEI to IMEI]: pattern 4D45495F, bin not found / already patched!
25:780  0:000  9. [change GFX0 to IGPU]: pattern 47465830, bin not found / already patched!
25:780  0:000  10. [change PCI0.VID to IGPU #1 (Thinkpad)]: pattern 50434930, bin not found / already patched!
25:780  0:000  11. [change PCI0.VID to IGPU #2 (Thinkpad)]: pattern 5649445F, bin not found / already patched!
25:780  0:000  12. [change XHCI to XHC]: pattern 58484349, bin not found / already patched!
25:780  0:000  13. [change XHC1 to XHC]: pattern 58484331, bin not found / already patched!
25:780  0:000  14. [change SAT0 to SATA]: pattern 53415430, patched at: [ (27) (E) (12) (12) (12) (12) (12) (AB) ]
25:780  0:000    0 replacements
25:780  0:000  Patching SSDT SaSsdt  Length=12645
25:780  0:000  0. [change OSID to XSID (to avoid match against _OSI XOSI patch)]: disabled
25:780  0:000  1. [change _OSI to XOSI]: disabled
25:780  0:000  2. [change _DSM to XDSM]: disabled
25:780  0:000  3. [change EC0 to EC]: disabled
25:780  0:000  4. [change H_EC to EC]: disabled
25:780  0:000  5. [change ECDV to EC]: disabled
25:780  0:000  6. [change HDAS to HDEF]: disabled
25:780  0:000  7. [change HECI to IMEI]: pattern 48454349, bin not found / already patched!
25:780  0:000  8. [change MEI to IMEI]: pattern 4D45495F, bin not found / already patched!
25:780  0:000  9. [change GFX0 to IGPU]: pattern 47465830, patched at: [ (2D) (E) (46) (2BE) (1C8A) (A3A) (1D) (6EC) ]
25:780  0:000  10. [change PCI0.VID to IGPU #1 (Thinkpad)]: pattern 50434930, bin not found / already patched!
25:780  0:000  11. [change PCI0.VID to IGPU #2 (Thinkpad)]: pattern 5649445F, bin not found / already patched!
25:780  0:000  12. [change XHCI to XHC]: pattern 58484349, bin not found / already patched!
25:780  0:000  13. [change XHC1 to XHC]: pattern 58484331, bin not found / already patched!
25:780  0:000  14. [change SAT0 to SATA]: pattern 53415430, bin not found / already patched!
25:780  0:000    0 replacements
25:780  0:000  Found OperationRegion(SANV, SystemMemory, 8CA88418, ...)
25:780  0:000  Patching SSDT Ther_Rvp Length=2306
25:780  0:000  0. [change OSID to XSID (to avoid match against _OSI XOSI patch)]: disabled
25:780  0:000  1. [change _OSI to XOSI]: disabled
25:780  0:000  2. [change _DSM to XDSM]: disabled
25:780  0:000  3. [change EC0 to EC]: disabled
25:780  0:000  4. [change H_EC to EC]: disabled
25:780  0:000  5. [change ECDV to EC]: disabled
25:780  0:000  6. [change HDAS to HDEF]: disabled
25:780  0:000  7. [change HECI to IMEI]: pattern 48454349, bin not found / already patched!
25:780  0:000  8. [change MEI to IMEI]: pattern 4D45495F, bin not found / already patched!
25:780  0:000  9. [change GFX0 to IGPU]: pattern 47465830, bin not found / already patched!
25:780  0:000  10. [change PCI0.VID to IGPU #1 (Thinkpad)]: pattern 50434930, bin not found / already patched!
25:780  0:000  11. [change PCI0.VID to IGPU #2 (Thinkpad)]: pattern 5649445F, bin not found / already patched!
25:780  0:000  12. [change XHCI to XHC]: pattern 58484349, bin not found / already patched!
25:780  0:000  13. [change XHC1 to XHC]: pattern 58484331, bin not found / already patched!
25:780  0:000  14. [change SAT0 to SATA]: pattern 53415430, bin not found / already patched!
25:780  0:000    0 replacements
25:780  0:000  Patching SSDT xh_rvp03 Length=2988
25:780  0:000  0. [change OSID to XSID (to avoid match against _OSI XOSI patch)]: disabled
25:780  0:000  1. [change _OSI to XOSI]: disabled
25:780  0:000  2. [change _DSM to XDSM]: disabled
25:780  0:000  3. [change EC0 to EC]: disabled
25:780  0:000  4. [change H_EC to EC]: disabled
25:780  0:000  5. [change ECDV to EC]: disabled
25:780  0:000  6. [change HDAS to HDEF]: disabled
25:780  0:000  7. [change HECI to IMEI]: pattern 48454349, bin not found / already patched!
25:780  0:000  8. [change MEI to IMEI]: pattern 4D45495F, bin not found / already patched!
25:780  0:000  9. [change GFX0 to IGPU]: pattern 47465830, bin not found / already patched!
25:780  0:000  10. [change PCI0.VID to IGPU #1 (Thinkpad)]: pattern 50434930, bin not found / already patched!
25:780  0:000  11. [change PCI0.VID to IGPU #2 (Thinkpad)]: pattern 5649445F, bin not found / already patched!
25:780  0:000  12. [change XHCI to XHC]: pattern 58484349, bin not found / already patched!
25:780  0:000  13. [change XHC1 to XHC]: pattern 58484331, bin not found / already patched!
25:780  0:000  14. [change SAT0 to SATA]: pattern 53415430, bin not found / already patched!
25:781  0:000    0 replacements
25:781  0:000  Patching SSDT CpuSsdt Length=6062
25:781  0:000  0. [change OSID to XSID (to avoid match against _OSI XOSI patch)]: disabled
25:781  0:000  1. [change _OSI to XOSI]: disabled
25:781  0:000  2. [change _DSM to XDSM]: disabled
25:781  0:000  3. [change EC0 to EC]: disabled
25:781  0:000  4. [change H_EC to EC]: disabled
25:781  0:000  5. [change ECDV to EC]: disabled
25:781  0:000  6. [change HDAS to HDEF]: disabled
25:781  0:000  7. [change HECI to IMEI]: pattern 48454349, bin not found / already patched!
25:781  0:000  8. [change MEI to IMEI]: pattern 4D45495F, bin not found / already patched!
25:781  0:000  9. [change GFX0 to IGPU]: pattern 47465830, bin not found / already patched!
25:781  0:000  10. [change PCI0.VID to IGPU #1 (Thinkpad)]: pattern 50434930, bin not found / already patched!
25:781  0:000  11. [change PCI0.VID to IGPU #2 (Thinkpad)]: pattern 5649445F, bin not found / already patched!
25:781  0:000  12. [change XHCI to XHC]: pattern 58484349, bin not found / already patched!
25:781  0:000  13. [change XHC1 to XHC]: pattern 58484331, bin not found / already patched!
25:781  0:000  14. [change SAT0 to SATA]: pattern 53415430, bin not found / already patched!
25:781  0:000    0 replacements
25:781  0:000  Found OperationRegion(PNVS, SystemMemory, 86D0C000, ...)
25:781  0:000  Patching SSDT HdaDsp Length=321
25:781  0:000  0. [change OSID to XSID (to avoid match against _OSI XOSI patch)]: disabled
25:781  0:000  1. [change _OSI to XOSI]: disabled
25:781  0:000  2. [change _DSM to XDSM]: disabled
25:781  0:000  3. [change EC0 to EC]: disabled
25:781  0:000  4. [change H_EC to EC]: disabled
25:781  0:000  5. [change ECDV to EC]: disabled
25:781  0:000  6. [change HDAS to HDEF]: disabled
25:781  0:000  7. [change HECI to IMEI]: pattern 48454349, bin not found / already patched!
25:781  0:000  8. [change MEI to IMEI]: pattern 4D45495F, bin not found / already patched!
25:781  0:000  9. [change GFX0 to IGPU]: pattern 47465830, bin not found / already patched!
25:781  0:000  10. [change PCI0.VID to IGPU #1 (Thinkpad)]: pattern 50434930, bin not found / already patched!
25:781  0:000  11. [change PCI0.VID to IGPU #2 (Thinkpad)]: pattern 5649445F, bin not found / already patched!
25:781  0:000  12. [change XHCI to XHC]: pattern 58484349, bin not found / already patched!
25:781  0:000  13. [change XHC1 to XHC]: pattern 58484331, bin not found / already patched!
25:781  0:000  14. [change SAT0 to SATA]: pattern 53415430, bin not found / already patched!
25:781  0:000    0 replacements
25:781  0:000  Patching SSDT sensrhub Length=671
25:781  0:000  0. [change OSID to XSID (to avoid match against _OSI XOSI patch)]: disabled
25:781  0:000  1. [change _OSI to XOSI]: disabled
25:781  0:000  2. [change _DSM to XDSM]: disabled
25:781  0:000  3. [change EC0 to EC]: disabled
25:781  0:000  4. [change H_EC to EC]: disabled
25:781  0:000  5. [change ECDV to EC]: disabled
25:781  0:000  6. [change HDAS to HDEF]: disabled
25:781  0:000  7. [change HECI to IMEI]: pattern 48454349, bin not found / already patched!
25:781  0:000  8. [change MEI to IMEI]: pattern 4D45495F, bin not found / already patched!
25:781  0:000  9. [change GFX0 to IGPU]: pattern 47465830, bin not found / already patched!
25:781  0:000  10. [change PCI0.VID to IGPU #1 (Thinkpad)]: pattern 50434930, bin not found / already patched!
25:781  0:000  11. [change PCI0.VID to IGPU #2 (Thinkpad)]: pattern 5649445F, bin not found / already patched!
25:781  0:000  12. [change XHCI to XHC]: pattern 58484349, bin not found / already patched!
25:781  0:000  13. [change XHC1 to XHC]: pattern 58484331, bin not found / already patched!
25:781  0:000  14. [change SAT0 to SATA]: pattern 53415430, bin not found / already patched!
25:781  0:000    0 replacements
25:781  0:000  Patching SSDT PtidDevc Length=12290
25:781  0:000  0. [change OSID to XSID (to avoid match against _OSI XOSI patch)]: disabled
25:781  0:000  1. [change _OSI to XOSI]: disabled
25:781  0:000  2. [change _DSM to XDSM]: disabled
25:781  0:000  3. [change EC0 to EC]: disabled
25:781  0:000  4. [change H_EC to EC]: disabled
25:781  0:000  5. [change ECDV to EC]: disabled
25:781  0:000  6. [change HDAS to HDEF]: disabled
25:781  0:000  7. [change HECI to IMEI]: pattern 48454349, bin not found / already patched!
25:781  0:000  8. [change MEI to IMEI]: pattern 4D45495F, bin not found / already patched!
25:781  0:000  9. [change GFX0 to IGPU]: pattern 47465830, bin not found / already patched!
25:781  0:000  10. [change PCI0.VID to IGPU #1 (Thinkpad)]: pattern 50434930, bin not found / already patched!
25:781  0:000  11. [change PCI0.VID to IGPU #2 (Thinkpad)]: pattern 5649445F, bin not found / already patched!
25:781  0:000  12. [change XHCI to XHC]: pattern 58484349, bin not found / already patched!
25:781  0:000  13. [change XHC1 to XHC]: pattern 58484331, bin not found / already patched!
25:781  0:000  14. [change SAT0 to SATA]: pattern 53415430, bin not found / already patched!
25:781  0:000    0 replacements
25:782  0:000  Patching SSDT TbtTypeC Length=1303
25:782  0:000  0. [change OSID to XSID (to avoid match against _OSI XOSI patch)]: disabled
25:782  0:000  1. [change _OSI to XOSI]: disabled
25:782  0:000  2. [change _DSM to XDSM]: disabled
25:782  0:000  3. [change EC0 to EC]: disabled
25:782  0:000  4. [change H_EC to EC]: disabled
25:782  0:000  5. [change ECDV to EC]: disabled
25:782  0:000  6. [change HDAS to HDEF]: disabled
25:782  0:000  7. [change HECI to IMEI]: pattern 48454349, bin not found / already patched!
25:782  0:000  8. [change MEI to IMEI]: pattern 4D45495F, bin not found / already patched!
25:782  0:000  9. [change GFX0 to IGPU]: pattern 47465830, bin not found / already patched!
25:782  0:000  10. [change PCI0.VID to IGPU #1 (Thinkpad)]: pattern 50434930, bin not found / already patched!
25:782  0:000  11. [change PCI0.VID to IGPU #2 (Thinkpad)]: pattern 5649445F, bin not found / already patched!
25:782  0:000  12. [change XHCI to XHC]: pattern 58484349, bin not found / already patched!
25:782  0:000  13. [change XHC1 to XHC]: pattern 58484331, bin not found / already patched!
25:782  0:000  14. [change SAT0 to SATA]: pattern 53415430, bin not found / already patched!
25:782  0:000    0 replacements
25:782  0:000  Patching SSDT Wwan Length=745
25:782  0:000  0. [change OSID to XSID (to avoid match against _OSI XOSI patch)]: disabled
25:782  0:000  1. [change _OSI to XOSI]: disabled
25:782  0:000  2. [change _DSM to XDSM]: disabled
25:782  0:000  3. [change EC0 to EC]: disabled
25:782  0:000  4. [change H_EC to EC]: disabled
25:782  0:000  5. [change ECDV to EC]: disabled
25:782  0:000  6. [change HDAS to HDEF]: disabled
25:782  0:000  7. [change HECI to IMEI]: pattern 48454349, bin not found / already patched!
25:782  0:000  8. [change MEI to IMEI]: pattern 4D45495F, bin not found / already patched!
25:782  0:000  9. [change GFX0 to IGPU]: pattern 47465830, bin not found / already patched!
25:782  0:000  10. [change PCI0.VID to IGPU #1 (Thinkpad)]: pattern 50434930, bin not found / already patched!
25:782  0:000  11. [change PCI0.VID to IGPU #2 (Thinkpad)]: pattern 5649445F, bin not found / already patched!
25:782  0:000  12. [change XHCI to XHC]: pattern 58484349, bin not found / already patched!
25:782  0:000  13. [change XHC1 to XHC]: pattern 58484331, bin not found / already patched!
25:782  0:000  14. [change SAT0 to SATA]: pattern 53415430, bin not found / already patched!
25:782  0:000    0 replacements
25:782  0:000  Patching SSDT UsbCTabl Length=3973
25:782  0:000  0. [change OSID to XSID (to avoid match against _OSI XOSI patch)]: disabled
25:782  0:000  1. [change _OSI to XOSI]: disabled
25:782  0:000  2. [change _DSM to XDSM]: disabled
25:782  0:000  3. [change EC0 to EC]: disabled
25:782  0:000  4. [change H_EC to EC]: disabled
25:782  0:000  5. [change ECDV to EC]: disabled
25:782  0:000  6. [change HDAS to HDEF]: disabled
25:782  0:000  7. [change HECI to IMEI]: pattern 48454349, bin not found / already patched!
25:782  0:000  8. [change MEI to IMEI]: pattern 4D45495F, bin not found / already patched!
25:782  0:000  9. [change GFX0 to IGPU]: pattern 47465830, bin not found / already patched!
25:782  0:000  10. [change PCI0.VID to IGPU #1 (Thinkpad)]: pattern 50434930, bin not found / already patched!
25:782  0:000  11. [change PCI0.VID to IGPU #2 (Thinkpad)]: pattern 5649445F, bin not found / already patched!
25:782  0:000  12. [change XHCI to XHC]: pattern 58484349, bin not found / already patched!
25:782  0:000  13. [change XHC1 to XHC]: pattern 58484331, bin not found / already patched!
25:782  0:000  14. [change SAT0 to SATA]: pattern 53415430, bin not found / already patched!
25:782  0:000    0 replacements
25:782  0:000  Patching SSDT DptfTabl Length=44064
25:782  0:000  0. [change OSID to XSID (to avoid match against _OSI XOSI patch)]: disabled
25:782  0:000  1. [change _OSI to XOSI]: disabled
25:782  0:000  2. [change _DSM to XDSM]: disabled
25:782  0:000  3. [change EC0 to EC]: disabled
25:782  0:000  4. [change H_EC to EC]: disabled
25:782  0:000  5. [change ECDV to EC]: disabled
25:782  0:000  6. [change HDAS to HDEF]: disabled
25:782  0:000  7. [change HECI to IMEI]: pattern 48454349, bin not found / already patched!
25:782  0:000  8. [change MEI to IMEI]: pattern 4D45495F, bin not found / already patched!
25:782  0:000  9. [change GFX0 to IGPU]: pattern 47465830, patched at: [ (EDB) (16) (16) (16) (3463) (15) (25) (14) (1F) (15) (22) (15) ]
25:783  0:000  10. [change PCI0.VID to IGPU #1 (Thinkpad)]: pattern 50434930, bin not found / already patched!
25:783  0:000  11. [change PCI0.VID to IGPU #2 (Thinkpad)]: pattern 5649445F, bin not found / already patched!
25:783  0:000  12. [change XHCI to XHC]: pattern 58484349, bin not found / already patched!
25:783  0:000  13. [change XHC1 to XHC]: pattern 58484331, bin not found / already patched!
25:783  0:000  14. [change SAT0 to SATA]: pattern 53415430, bin not found / already patched!
25:783  0:000    0 replacements
25:783  0:000  Patching SSDT GddvDumm Length=2458
25:783  0:000  0. [change OSID to XSID (to avoid match against _OSI XOSI patch)]: disabled
25:783  0:000  1. [change _OSI to XOSI]: disabled
25:783  0:000  2. [change _DSM to XDSM]: disabled
25:783  0:000  3. [change EC0 to EC]: disabled
25:783  0:000  4. [change H_EC to EC]: disabled
25:783  0:000  5. [change ECDV to EC]: disabled
25:783  0:000  6. [change HDAS to HDEF]: disabled
25:784  0:000  7. [change HECI to IMEI]: pattern 48454349, bin not found / already patched!
25:784  0:000  8. [change MEI to IMEI]: pattern 4D45495F, bin not found / already patched!
25:784  0:000  9. [change GFX0 to IGPU]: pattern 47465830, bin not found / already patched!
25:784  0:000  10. [change PCI0.VID to IGPU #1 (Thinkpad)]: pattern 50434930, bin not found / already patched!
25:784  0:000  11. [change PCI0.VID to IGPU #2 (Thinkpad)]: pattern 5649445F, bin not found / already patched!
25:784  0:000  12. [change XHCI to XHC]: pattern 58484349, bin not found / already patched!
25:784  0:000  13. [change XHC1 to XHC]: pattern 58484331, bin not found / already patched!
25:784  0:000  14. [change SAT0 to SATA]: pattern 53415430, bin not found / already patched!
25:784  0:000    0 replacements
25:784  0:000  ApicCPUNum=1
25:784  0:000  Maximum control=0xF
25:784  0:000  Turbo control=0x16
25:784  0:000  P-States: min 0x4, max 0x16
25:784  0:000  SSDT with plugin-type without P-States is generated
25:784  0:000  Cleanup XSDT: count=31, length=284
25:784  0:000  corrected XSDT count=30, length=276
25:784  0:000  === [ RestSetup macOS ] ===================================
25:784  0:000  EdidDiscovered size=128
25:784  0:000  --- Discovered EDID Table size:128
25:784  0:000  000  |  00  FF  FF  FF  FF  FF  FF  00  09  E5
25:784  0:000  010  |  19  07  00  00  00  00  01  1C  01  04
25:784  0:000  020  |  A5  1D  11  78  0A  11  60  AB  53  47
25:784  0:000  030  |  96  23  18  50  54  00  00  00  01  01
25:784  0:000  040  |  01  01  01  01  01  01  01  01  01  01
25:784  0:000  050  |  01  01  01  01  BC  39  80  18  71  38
25:784  0:000  060  |  28  40  30  20  36  00  26  A5  10  00
25:784  0:000  070  |  00  1A  36  2E  80  18  71  38  28  40
25:784  0:000  080  |  30  20  36  00  26  A5  10  00  00  1A
25:784  0:000  090  |  00  00  00  FE  00  42  4F  45  20  43
25:784  0:000  100  |  51  0A  20  20  20  20  20  20  00  00
25:784  0:000  110  |  00  FC  00  4E  56  31  33  33  46  48
25:784  0:000  120  |  4D  2D  4E  36  32  0A  00  54
25:784  0:000  add device: PciRoot(0x0)/Pci(0x1F,0x3)
25:784  0:000  add device: PciRoot(0x0)/Pci(0x2,0x0)
25:784  0:000     Add key=framebuffer-stolenmem valuelen=4
25:784  0:000     Add key=framebuffer-patch-enable valuelen=4
25:784  0:000     Add key=framebuffer-fbmem valuelen=4
25:784  0:000     Add key=AAPL,ig-platform-id valuelen=4
25:784  0:000  Intel GFX injection not set
25:784  0:000   RCBA disabled; cannot use it
25:784  0:000  stringlength = 1156
25:785  0:000  CurrentMode: Width=1920 Height=1080
25:785  0:000  Beginning FSInjection
FSInjectionInstall ...
- Our FSI_SIMPLE_FILE_SYSTEM_PROTOCOL installed on handle: 88384F98
FSInjectionInstall ...
- Our FSI_SIMPLE_FILE_SYSTEM_PROTOCOL installed on handle: 88384F98
25:793  0:008  Use origin smbios table type 1 guid.
25:804  0:011    Force kext: System\Library\Extensions\IONetworkingFamily.kext
25:853  0:048      Force PlugIn kext: System\Library\Extensions\IONetworkingFamily.kext\Contents\PlugIns\nvenet.kext
25:882  0:029      Force PlugIn kext: System\Library\Extensions\IONetworkingFamily.kext\Contents\PlugIns\AppleEthernetAquantiaAqtion.kext
25:923  0:040      Force PlugIn kext: System\Library\Extensions\IONetworkingFamily.kext\Contents\PlugIns\AppleBCM5701Ethernet.kext
25:967  0:043      Force PlugIn kext: System\Library\Extensions\IONetworkingFamily.kext\Contents\PlugIns\AppleIntelI210Ethernet.kext
25:996  0:029      Force PlugIn kext: System\Library\Extensions\IONetworkingFamily.kext\Contents\PlugIns\Intel82574L.kext
26:027  0:030      Force PlugIn kext: System\Library\Extensions\IONetworkingFamily.kext\Contents\PlugIns\IOEthernetAVBController.kext
26:045  0:018      Force PlugIn kext: System\Library\Extensions\IONetworkingFamily.kext\Contents\PlugIns\AppleYukon2.kext
26:144  0:098      Force PlugIn kext: System\Library\Extensions\IONetworkingFamily.kext\Contents\PlugIns\AppleEthernetAquantiaAqtionFirmware.kext
26:171  0:027      Force PlugIn kext: System\Library\Extensions\IONetworkingFamily.kext\Contents\PlugIns\AppleIntel8254XEthernet.kext
26:199  0:027      Force PlugIn kext: System\Library\Extensions\IONetworkingFamily.kext\Contents\PlugIns\AppleVmxnet3Ethernet.kext
26:226  0:026      Force PlugIn kext: System\Library\Extensions\IONetworkingFamily.kext\Contents\PlugIns\mDNSOffloadUserClient.kext
26:247  0:021  Preparing kexts injection for arch=x86_64 from EFI\CLOVER\kexts\Other
26:247  0:000  Extra kext: EFI\CLOVER\kexts\Other\RtWlanU.kext (v.1830.32.b7)
27:181  0:933  Extra kext: EFI\CLOVER\kexts\Other\RtWlanU1827.kext (v.1827.4.b36)
27:674  0:492  Preparing kexts injection for arch=x86_64 from EFI\CLOVER\kexts\Off
27:675  0:001  Preparing kexts injection for arch=x86_64 from EFI\CLOVER\kexts\10.14
27:675  0:000  Extra kext: EFI\CLOVER\kexts\10.14\VoodooI2CHID.kext (v.1)
27:719  0:044  Extra kext: EFI\CLOVER\kexts\10.14\VoodooI2CSynaptics.kext (v.1)
27:741  0:022  Extra kext: EFI\CLOVER\kexts\10.14\VoodooI2C.kext (v.2.2)
27:790  0:048    |-- PlugIn kext: EFI\CLOVER\kexts\10.14\VoodooI2C.kext\Contents\PlugIns\VoodooI2CServices.kext (v.1)
27:813  0:022    |-- PlugIn kext: EFI\CLOVER\kexts\10.14\VoodooI2C.kext\Contents\PlugIns\VoodooGPIO.kext (v.1.1)
27:842  0:029  Extra kext: EFI\CLOVER\kexts\10.14\NullEthernet.kext (v.1.0.6)
27:869  0:027  Extra kext: EFI\CLOVER\kexts\10.14\VoodooPS2Controller.kext (v.2.0.4)
27:904  0:034    |-- PlugIn kext: EFI\CLOVER\kexts\10.14\VoodooPS2Controller.kext\Contents\PlugIns\VoodooPS2Mouse.kext.dSYM (v.2.0.4)
27:911  0:007    |-- PlugIn kext: EFI\CLOVER\kexts\10.14\VoodooPS2Controller.kext\Contents\PlugIns\VoodooPS2Mouse.kext (v.2.0.4)
27:944  0:032    |-- PlugIn kext: EFI\CLOVER\kexts\10.14\VoodooPS2Controller.kext\Contents\PlugIns\VoodooPS2Trackpad.kext.dSYM (v.2.0.4)
27:951  0:006    |-- PlugIn kext: EFI\CLOVER\kexts\10.14\VoodooPS2Controller.kext\Contents\PlugIns\VoodooPS2Keyboard.kext (v.2.0.4)
28:011  0:060    |-- PlugIn kext: EFI\CLOVER\kexts\10.14\VoodooPS2Controller.kext\Contents\PlugIns\VoodooPS2Trackpad.kext (v.2.0.4)
28:066  0:054    |-- PlugIn kext: EFI\CLOVER\kexts\10.14\VoodooPS2Controller.kext\Contents\PlugIns\VoodooPS2Keyboard.kext.dSYM (v.2.0.4)
28:073  0:007  Extra kext: EFI\CLOVER\kexts\10.14\AppleALC.kext (v.1.4.3)
29:793  1:719  Extra kext: EFI\CLOVER\kexts\10.14\Lilu.kext (v.1.3.9)
29:828  0:035  Extra kext: EFI\CLOVER\kexts\10.14\USBInjectAll.kext (v.0.7.1)
31:710  1:881  Extra kext: EFI\CLOVER\kexts\10.14\FakeSMC.kext (v.1800)
31:798  0:087  Extra kext: EFI\CLOVER\kexts\10.14\WhateverGreen.kext (v.1.3.4)
31:870  0:072  SetStartupDiskVolume:
31:870  0:000    * Volume: 'Hackintosh'
31:870  0:000    * LoaderPath: '<null string>'
31:870  0:000    * DevPath: Hackintosh
31:870  0:000    * GUID = A195D9B7-9758-4767-BA37-BB0BFE8C24F4
31:870  0:000    * efi-boot-device: <array><dict><key>IOMatch</key><dict><key>IOProviderClass</key><string>IOMedia</string><key>IOPropertyMatch</key><dict><key>UUID</key><string>A195D9B7-9758-4767-BA37-BB0BFE8C24F4</string></dict></dict></dict></array>
31:871  0:000  Custom boot screen not used because entry has unset use graphics
31:872  0:001  Closing log
